{
  "RSpec": {
    "coverage": {
      "/Users/student/Documents/Projects/Week-10/Gilded Rose Ruby/spec/gilded_rose_spec.rb": [
        null,
        null,
        1,
        null,
        1,
        19,
        null,
        1,
        1,
        1,
        1,
        1,
        null,
        null,
        1,
        1,
        1,
        1,
        null,
        null,
        1,
        1,
        1,
        1,
        null,
        null,
        1,
        1,
        1,
        1,
        null,
        null,
        1,
        1,
        1,
        1,
        null,
        null,
        1,
        1,
        1,
        1,
        null,
        null,
        1,
        1,
        1,
        1,
        null,
        null,
        1,
        1,
        1,
        1,
        null,
        null,
        1,
        1,
        1,
        1,
        null,
        null,
        1,
        1,
        1,
        1,
        null,
        null,
        1,
        1,
        1,
        1,
        null,
        null,
        1,
        1,
        1,
        1,
        null,
        null,
        1,
        1,
        1,
        1,
        null,
        null,
        1,
        1,
        1,
        1,
        null,
        null,
        1,
        1,
        1,
        1,
        null,
        null,
        1,
        1,
        1,
        1,
        null,
        null,
        1,
        1,
        1,
        1,
        null,
        null,
        null,
        1,
        1,
        1,
        1,
        1,
        null,
        null,
        1,
        1,
        1,
        1,
        null,
        null,
        1,
        1,
        1,
        1,
        null,
        null,
        1,
        1,
        1,
        1,
        null,
        null,
        null,
        1,
        1,
        1,
        1,
        1,
        null,
        null,
        1,
        1,
        1,
        1,
        null,
        null,
        1,
        1,
        1,
        1,
        null,
        null,
        1,
        1,
        1,
        1,
        null,
        null,
        1,
        1,
        1,
        1,
        null,
        null,
        1,
        1,
        1,
        1,
        null,
        null,
        1,
        1,
        1,
        1,
        null,
        null,
        1,
        1,
        1,
        1,
        null,
        null,
        null,
        1,
        1,
        1,
        1,
        1,
        null,
        1,
        1,
        1,
        1,
        null,
        1,
        1,
        1,
        1,
        null,
        null,
        null,
        null,
        1,
        1,
        1,
        1,
        1,
        null,
        1,
        1,
        1,
        1,
        null,
        null,
        1,
        1,
        1,
        1,
        null,
        null,
        null,
        null
      ],
      "/Users/student/Documents/Projects/Week-10/Gilded Rose Ruby/lib/gilded_rose.rb": [
        null,
        null,
        1,
        null,
        1,
        null,
        1,
        null,
        1,
        35,
        null,
        null,
        1,
        17,
        17,
        17,
        17,
        17,
        null,
        null,
        null,
        1,
        21,
        null,
        18,
        null,
        null,
        1,
        14,
        12,
        12,
        12,
        null,
        null,
        1,
        7,
        7,
        null,
        null,
        1,
        8,
        8,
        null,
        null,
        1,
        null,
        1,
        31,
        null,
        null,
        null
      ],
      "/Users/student/Documents/Projects/Week-10/Gilded Rose Ruby/lib/item.rb": [
        null,
        null,
        1,
        1,
        null,
        1,
        39,
        39,
        39,
        null,
        null,
        1,
        1,
        null,
        null
      ],
      "/Users/student/Documents/Projects/Week-10/Gilded Rose Ruby/spec/item_spec.rb": [
        null,
        null,
        1,
        null,
        1,
        5,
        1,
        1,
        1,
        null,
        1,
        1,
        null,
        1,
        1,
        null,
        null,
        null,
        1,
        1,
        1,
        null,
        null,
        null
      ]
    },
    "timestamp": 1574268099
  }
}
